<?xml version="1.0" encoding="UTF-8"?>
<!-- Generated by org.testng.reporters.JUnitReportReporter -->
<testsuite hostname="DESKTOP-UKSE9H5" failures="0" tests="1" name="TestRunner.CucumberTestRunner" time="12.936" errors="0" timestamp="2024-01-10T21:57:26 IST" skipped="0">
  <testcase classname="TestRunner.CucumberTestRunner" name="runScenario" time="12.936"/>
</testsuite> <!-- TestRunner.CucumberTestRunner -->
